current directory: /Users/talhazia/Documents/GitHub/talhahasanzia.github.io/.bundle/packages/ruby/3.4.0/gems/io-event-1.7.5/ext
/opt/homebrew/opt/ruby/bin/ruby extconf.rb
checking for rb_ext_ractor_safe()... yes
checking for &rb_fiber_transfer()... yes
checking for -luring... no
checking for sys/epoll.h... no
checking for sys/event.h... yes
checking for sys/wait.h... yes
checking for sys/eventfd.h... no
checking for rb_io_descriptor()... yes
checking for &rb_process_status_wait()... yes
checking for rb_fiber_current()... yes
checking for &rb_fiber_raise()... yes
checking for epoll_pwait2()... no
checking for ruby/io/buffer.h... yes
creating extconf.h
creating Makefile

current directory: /Users/talhazia/Documents/GitHub/talhahasanzia.github.io/.bundle/packages/ruby/3.4.0/gems/io-event-1.7.5/ext
make DESTDIR\= sitearchdir\=./.gem.20250126-88018-va30hn sitelibdir\=./.gem.20250126-88018-va30hn clean

current directory: /Users/talhazia/Documents/GitHub/talhahasanzia.github.io/.bundle/packages/ruby/3.4.0/gems/io-event-1.7.5/ext
make DESTDIR\= sitearchdir\=./.gem.20250126-88018-va30hn sitelibdir\=./.gem.20250126-88018-va30hn
compiling ./io/event/event.c
compiling ./io/event/selector/selector.c
compiling ./io/event/selector/kqueue.c
compiling ./io/event/interrupt.c
linking shared-object IO_Event.bundle

current directory: /Users/talhazia/Documents/GitHub/talhahasanzia.github.io/.bundle/packages/ruby/3.4.0/gems/io-event-1.7.5/ext
make DESTDIR\= sitearchdir\=./.gem.20250126-88018-va30hn sitelibdir\=./.gem.20250126-88018-va30hn install
/usr/bin/install -c -m 0755 IO_Event.bundle ./.gem.20250126-88018-va30hn

current directory: /Users/talhazia/Documents/GitHub/talhahasanzia.github.io/.bundle/packages/ruby/3.4.0/gems/io-event-1.7.5/ext
make DESTDIR\= sitearchdir\=./.gem.20250126-88018-va30hn sitelibdir\=./.gem.20250126-88018-va30hn clean
