current directory: /Users/talhazia/Documents/GitHub/talhahasanzia.github.io/.bundle/packages/ruby/3.4.0/gems/json-2.9.1/ext/json/ext/parser
/opt/homebrew/opt/ruby/bin/ruby extconf.rb
checking for rb_enc_interned_str() in ruby.h... yes
checking for rb_hash_new_capa() in ruby.h... yes
checking for rb_hash_bulk_insert() in ruby.h... yes
checking for rb_category_warn() in ruby.h... yes
checking for strnlen() in string.h... yes
checking for whether -std=c99 is accepted as CFLAGS... yes
creating Makefile

current directory: /Users/talhazia/Documents/GitHub/talhahasanzia.github.io/.bundle/packages/ruby/3.4.0/gems/json-2.9.1/ext/json/ext/parser
make DESTDIR\= sitearchdir\=./.gem.20250126-88018-dcnay1 sitelibdir\=./.gem.20250126-88018-dcnay1 clean

current directory: /Users/talhazia/Documents/GitHub/talhahasanzia.github.io/.bundle/packages/ruby/3.4.0/gems/json-2.9.1/ext/json/ext/parser
make DESTDIR\= sitearchdir\=./.gem.20250126-88018-dcnay1 sitelibdir\=./.gem.20250126-88018-dcnay1
compiling parser.c
linking shared-object json/ext/parser.bundle

current directory: /Users/talhazia/Documents/GitHub/talhahasanzia.github.io/.bundle/packages/ruby/3.4.0/gems/json-2.9.1/ext/json/ext/parser
make DESTDIR\= sitearchdir\=./.gem.20250126-88018-dcnay1 sitelibdir\=./.gem.20250126-88018-dcnay1 install
/usr/bin/install -c -m 0755 parser.bundle ./.gem.20250126-88018-dcnay1/json/ext

current directory: /Users/talhazia/Documents/GitHub/talhahasanzia.github.io/.bundle/packages/ruby/3.4.0/gems/json-2.9.1/ext/json/ext/parser
make DESTDIR\= sitearchdir\=./.gem.20250126-88018-dcnay1 sitelibdir\=./.gem.20250126-88018-dcnay1 clean
